#
# There is insufficient memory for the Java Runtime Environment to continue.
# Native memory allocation (malloc) failed to allocate 1048576 bytes for AllocateHeap
# Possible reasons:
#   The system is out of physical RAM or swap space
#   In 32 bit mode, the process size limit was hit
# Possible solutions:
#   Reduce memory load on the system
#   Increase physical memory or swap space
#   Check if swap backing store is full
#   Use 64 bit Java on a 64 bit OS
#   Decrease Java heap size (-Xmx/-Xms)
#   Decrease number of Java threads
#   Decrease Java thread stack sizes (-Xss)
#   Set larger code cache with -XX:ReservedCodeCacheSize=
# This output file may be truncated or incomplete.
#
#  Out of Memory Error (memory/allocation.inline.hpp:61), pid=13488, tid=0x0000000000003c3c
#
# JRE version:  (8.0_101-b13) (build )
# Java VM: Java HotSpot(TM) 64-Bit Server VM (25.101-b13 mixed mode windows-amd64 compressed oops)
# Failed to write core dump. Minidumps are not enabled by default on client versions of Windows
#

---------------  T H R E A D  ---------------

Current thread (0x00000000027a4800):  JavaThread "Unknown thread" [_thread_in_vm, id=15420, stack(0x00000000026a0000,0x00000000027a0000)]

Stack: [0x00000000026a0000,0x00000000027a0000]
[error occurred during error reporting (printing stack bounds), id 0xc0000005]

Native frames: (J=compiled Java code, j=interpreted, Vv=VM code, C=native code)


---------------  P R O C E S S  ---------------

Java Threads: ( => current thread )

Other Threads:

=>0x00000000027a4800 (exited) JavaThread "Unknown thread" [_thread_in_vm, id=15420, stack(0x00000000026a0000,0x00000000027a0000)]

VM state:not at safepoint (normal execution)

VM Mutex/Monitor currently owned by a thread: None

Heap:
 PSYoungGen      total 37888K, used 655K [0x00000000d6780000, 0x00000000d9180000, 0x0000000100000000)
  eden space 32768K, 2% used [0x00000000d6780000,0x00000000d6823d80,0x00000000d8780000)
  from space 5120K, 0% used [0x00000000d8c80000,0x00000000d8c80000,0x00000000d9180000)
  to   space 5120K, 0% used [0x00000000d8780000,0x00000000d8780000,0x00000000d8c80000)
 ParOldGen       total 86016K, used 0K [0x0000000083600000, 0x0000000088a00000, 0x00000000d6780000)
  object space 86016K, 0% used [0x0000000083600000,0x0000000083600000,0x0000000088a00000)
 Metaspace       used 746K, capacity 4480K, committed 4480K, reserved 1056768K
  class space    used 75K, capacity 384K, committed 384K, reserved 1048576K

Card table byte_map: [0x0000000002c60000,0x0000000003050000] byte_map_base: 0x0000000002845000

Marking Bits: (ParMarkBitMap*) 0x0000000060f5a6d0
 Begin Bits: [0x0000000003af0000, 0x0000000005a18000)
 End Bits:   [0x0000000005a18000, 0x0000000007940000)

Polling page: 0x00000000008c0000

CodeCache: size=245760Kb used=328Kb max_used=328Kb free=245431Kb
 bounds [0x000000000f010000, 0x000000000f280000, 0x000000001e010000]
 total_blobs=58 nmethods=0 adapters=38
 compilation: enabled

Compilation events (0 events):
No events

GC Heap History (0 events):
No events

Deoptimization events (0 events):
No events

Internal exceptions (0 events):
No events

Events (10 events):
Event: 0.023 loading class java/lang/Short
Event: 0.023 loading class java/lang/Short done
Event: 0.023 loading class java/lang/Integer
Event: 0.024 loading class java/lang/Integer done
Event: 0.024 loading class java/lang/Long
Event: 0.024 loading class java/lang/Long done
Event: 0.025 loading class java/lang/NullPointerException
Event: 0.025 loading class java/lang/NullPointerException done
Event: 0.025 loading class java/lang/ArithmeticException
Event: 0.025 loading class java/lang/ArithmeticException done


Dynamic libraries:
0x00007ff7bd2d0000 - 0x00007ff7bd307000 	C:\Program Files\Java\jre1.8.0_101\bin\javaw.exe
0x00007ffa0c460000 - 0x00007ffa0c621000 	C:\WINDOWS\SYSTEM32\ntdll.dll
0x00007ffa0bb80000 - 0x00007ffa0bc2d000 	C:\WINDOWS\system32\KERNEL32.DLL
0x00007ffa09670000 - 0x00007ffa09858000 	C:\WINDOWS\system32\KERNELBASE.dll
0x00007ffa0b260000 - 0x00007ffa0b307000 	C:\WINDOWS\system32\ADVAPI32.dll
0x00007ffa0c340000 - 0x00007ffa0c3dd000 	C:\WINDOWS\system32\msvcrt.dll
0x00007ffa0c2e0000 - 0x00007ffa0c33b000 	C:\WINDOWS\system32\sechost.dll
0x00007ffa0adc0000 - 0x00007ffa0aedc000 	C:\WINDOWS\system32\RPCRT4.dll
0x00007ffa0bc30000 - 0x00007ffa0bd86000 	C:\WINDOWS\system32\USER32.dll
0x00007ffa0aee0000 - 0x00007ffa0b066000 	C:\WINDOWS\system32\GDI32.dll
0x00007ffa043c0000 - 0x00007ffa04634000 	C:\WINDOWS\WinSxS\amd64_microsoft.windows.common-controls_6595b64144ccf1df_6.0.10586.494_none_a2d8b04ea53e3145\COMCTL32.dll
0x00007ffa0b570000 - 0x00007ffa0b7ed000 	C:\WINDOWS\system32\combase.dll
0x00007ffa08e40000 - 0x00007ffa08eaa000 	C:\WINDOWS\system32\bcryptPrimitives.dll
0x00007ffa0bd90000 - 0x00007ffa0bdcb000 	C:\WINDOWS\system32\IMM32.DLL
0x00007ffa08970000 - 0x00007ffa089a1000 	C:\WINDOWS\system32\nvinitx.dll
0x00007ffa08960000 - 0x00007ffa0896a000 	C:\WINDOWS\SYSTEM32\VERSION.dll
0x000000000f000000 - 0x000000000f006000 	C:\Program Files\NVIDIA Corporation\CoProcManager\_etoured.dll
0x00007ffa05a60000 - 0x00007ffa05a92000 	C:\Program Files\NVIDIA Corporation\CoProcManager\nvd3d9wrapx.dll
0x00007ffa0beb0000 - 0x00007ffa0c2d9000 	C:\WINDOWS\system32\SETUPAPI.dll
0x00007ffa08d40000 - 0x00007ffa08d83000 	C:\WINDOWS\system32\CFGMGR32.dll
0x00007ffa06730000 - 0x00007ffa06752000 	C:\Program Files\NVIDIA Corporation\CoProcManager\nvdxgiwrapx.dll
0x00000000604b0000 - 0x0000000060582000 	C:\Program Files\Java\jre1.8.0_101\bin\msvcr100.dll
0x0000000060740000 - 0x0000000060fda000 	C:\Program Files\Java\jre1.8.0_101\bin\server\jvm.dll
0x00007ffa0bea0000 - 0x00007ffa0bea8000 	C:\WINDOWS\system32\PSAPI.DLL
0x00007ffa066f0000 - 0x00007ffa066f9000 	C:\WINDOWS\SYSTEM32\WSOCK32.dll
0x00007ffa06cb0000 - 0x00007ffa06cd3000 	C:\WINDOWS\SYSTEM32\WINMM.dll
0x00007ffa0c3f0000 - 0x00007ffa0c45b000 	C:\WINDOWS\system32\WS2_32.dll
0x0000000000cb0000 - 0x0000000000cdc000 	C:\WINDOWS\SYSTEM32\WINMMBASE.dll
0x0000000060650000 - 0x000000006065f000 	C:\Program Files\Java\jre1.8.0_101\bin\verify.dll
0x0000000060620000 - 0x0000000060649000 	C:\Program Files\Java\jre1.8.0_101\bin\java.dll
0x0000000060600000 - 0x0000000060616000 	C:\Program Files\Java\jre1.8.0_101\bin\zip.dll

VM Arguments:
jvm_args: -Duser.language=es_AR -Dfile.encoding=Cp1252 
java_command: org.uqbar.project.wollok.launch.WollokLauncher -requestsPort 0 -eventsPort 0 src/program.wpgm
java_class_path (initial): C:\Users\Lucas\Documents\Wollok\workspace\polimofirsmo-lobo-feroz\bin;C:\Users\Lucas\Documents\Wollok\plugins\com.ibm.icu_54.1.1.v201501272100.jar;C:\Users\Lucas\Documents\Wollok\plugins\org.eclipse.xtext_2.9.0.v201512010527.jar;C:\Users\Lucas\Documents\Wollok\plugins\org.eclipse.emf.ecore.xmi_2.11.0.v20150512-0501.jar;C:\Users\Lucas\Documents\Wollok\plugins\org.eclipse.emf.ecore_2.11.0.v20150512-0501.jar;C:\Users\Lucas\Documents\Wollok\plugins\org.eclipse.emf.common_2.11.0.v20150512-0501.jar;C:\Users\Lucas\Documents\Wollok\plugins\org.antlr.runtime_3.2.0.v201101311130.jar;C:\Users\Lucas\Documents\Wollok\plugins\com.google.inject_3.0.0.v201312141243.jar;C:\Users\Lucas\Documents\Wollok\plugins\org.eclipse.emf.mwe.core_1.3.20.v201605261103.jar;C:\Users\Lucas\Documents\Wollok\plugins\org.apache.commons.cli_1.2.0.v201404270220.jar;C:\Users\Lucas\Documents\Wollok\plugins\org.eclipse.emf.mwe2.runtime_2.9.0.v201605261103.jar;C:\Users\Lucas\Documents\Wollok\plugins\org.eclipse.emf.mwe.utils_1.3.20.v201605261103.jar;C:\Users\Lucas\Documents\Wollok\plugins\org.eclipse.xtext.util_2.9.0.v201512010527.jar;C:\Users\Lucas\Documents\Wollok\plugins\com.google.guava_15.0.0.v201403281430.jar;C:\Users\Lucas\Documents\Wollok\plugins\javax.inject_1.0.0.v20091030.jar;C:\Users\Lucas\Documents\Wollok\plugins\org.eclipse.xtext.generator_2.9.0.v201512010527.jar;C:\Users\Lucas\Documents\Wollok\plugins\org.eclipse.xtext.xtext.generator_2.9.0.v201512010527.jar;C:\Users\Lucas\Documents\Wollok\plugins\org.eclipse.xtext.xbase.lib_2.9.0.v201512010527.jar;C:\Users\Lucas\Documents\Wollok\plugins\org.eclipse.emf.codegen.ecore_2.11.0.v20150601-0402.jar;C:\Users\Lucas\Documents\Wollok\plugins\org.eclipse.emf.codegen_2.11.0.v20150601-0402.jar;C:\Users\Lucas\Documents\Wollok\plugins\org.eclipse.xtend_2.1.0.v201505260349.jar;C:\Users\Lucas\Documents\Wollok\plugins\org.eclipse.xpand_2.1.0.v201505260349.jar;C:\Users\Lucas\Documents\Wollok\plugins\org.eclipse.xtend.typesystem.emf_2
Launcher Type: SUN_STANDARD

Environment Variables:
PATH=C:/Program Files/Java/jre1.8.0_101/bin/server;C:/Program Files/Java/jre1.8.0_101/bin;C:/Program Files/Java/jre1.8.0_101/lib/amd64;C:\ProgramData\Oracle\Java\javapath;C:\Program Files\Haskell\bin;C:\Program Files\Haskell Platform\8.0.1\lib\extralibs\bin;C:\Program Files\Haskell Platform\8.0.1\bin;C:\WINDOWS\system32;C:\WINDOWS;C:\WINDOWS\System32\Wbem;C:\WINDOWS\System32\WindowsPowerShell\v1.0\;C:\Program Files\Haskell Platform\8.0.1\mingw\bin;C:\Users\Lucas\AppData\Roaming\cabal\bin;C:\Users\Lucas\AppData\Roaming\local\bin;C:\Users\Lucas\Documents\Wollok;
USERNAME=Lucas
OS=Windows_NT
PROCESSOR_IDENTIFIER=Intel64 Family 6 Model 58 Stepping 9, GenuineIntel



---------------  S Y S T E M  ---------------

OS: Windows 10.0 , 64 bit Build 10586 (10.0.10586.0)

CPU:total 8 (4 cores per cpu, 2 threads per core) family 6 model 58 stepping 9, cmov, cx8, fxsr, mmx, sse, sse2, sse3, ssse3, sse4.1, sse4.2, popcnt, avx, aes, clmul, erms, ht, tsc, tscinvbit, tscinv

Memory: 4k page, physical 8164892k(2783324k free), swap 11901684k(4932k free)

vm_info: Java HotSpot(TM) 64-Bit Server VM (25.101-b13) for windows-amd64 JRE (1.8.0_101-b13), built on Jun 22 2016 01:21:29 by "java_re" with MS VC++ 10.0 (VS2010)

time: Fri Aug 12 17:10:04 2016
elapsed time: 0 seconds (0d 0h 0m 0s)

