#
# There is insufficient memory for the Java Runtime Environment to continue.
# Native memory allocation (malloc) failed to allocate 63632 bytes for Chunk::new
# Possible reasons:
#   The system is out of physical RAM or swap space
#   In 32 bit mode, the process size limit was hit
# Possible solutions:
#   Reduce memory load on the system
#   Increase physical memory or swap space
#   Check if swap backing store is full
#   Use 64 bit Java on a 64 bit OS
#   Decrease Java heap size (-Xmx/-Xms)
#   Decrease number of Java threads
#   Decrease Java thread stack sizes (-Xss)
#   Set larger code cache with -XX:ReservedCodeCacheSize=
# This output file may be truncated or incomplete.
#
#  Out of Memory Error (allocation.cpp:390), pid=15904, tid=0x0000000000001f50
#
# JRE version: Java(TM) SE Runtime Environment (8.0_101-b13) (build 1.8.0_101-b13)
# Java VM: Java HotSpot(TM) 64-Bit Server VM (25.101-b13 mixed mode windows-amd64 compressed oops)
# Failed to write core dump. Minidumps are not enabled by default on client versions of Windows
#

---------------  T H R E A D  ---------------

Current thread (0x000000000a50a000):  JavaThread "C2 CompilerThread2" daemon [_thread_in_native, id=8016, stack(0x000000000b520000,0x000000000b620000)]

Stack: [0x000000000b520000,0x000000000b620000]
[error occurred during error reporting (printing stack bounds), id 0xc0000005]

Native frames: (J=compiled Java code, j=interpreted, Vv=VM code, C=native code)


Current CompileTask:
C2:    902  890       4       java.util.HashMap::putVal (300 bytes)


---------------  P R O C E S S  ---------------

Java Threads: ( => current thread )
  0x000000000be03800 JavaThread "EMF Reference Cleaner" daemon [_thread_blocked, id=16292, stack(0x000000000d0f0000,0x000000000d1f0000)]
  0x000000000a59e000 JavaThread "Service Thread" daemon [_thread_blocked, id=8044, stack(0x000000000b720000,0x000000000b820000)]
  0x000000000a514000 JavaThread "C1 CompilerThread3" daemon [_thread_blocked, id=15552, stack(0x000000000b620000,0x000000000b720000)]
=>0x000000000a50a000 JavaThread "C2 CompilerThread2" daemon [_thread_in_native, id=8016, stack(0x000000000b520000,0x000000000b620000)]
  0x000000000a505000 JavaThread "C2 CompilerThread1" daemon [_thread_in_native, id=16952, stack(0x000000000b420000,0x000000000b520000)]
  0x000000000a502000 JavaThread "C2 CompilerThread0" daemon [_thread_blocked, id=3928, stack(0x000000000b320000,0x000000000b420000)]
  0x000000000a4fd000 JavaThread "Attach Listener" daemon [_thread_blocked, id=1436, stack(0x000000000b220000,0x000000000b320000)]
  0x000000000a4f9800 JavaThread "Signal Dispatcher" daemon [_thread_blocked, id=4816, stack(0x000000000b120000,0x000000000b220000)]
  0x000000000277d800 JavaThread "Finalizer" daemon [_thread_blocked, id=7552, stack(0x000000000a8d0000,0x000000000a9d0000)]
  0x00000000085fd800 JavaThread "Reference Handler" daemon [_thread_blocked, id=8924, stack(0x000000000a3d0000,0x000000000a4d0000)]
  0x0000000002684800 JavaThread "main" [_thread_in_native, id=4560, stack(0x0000000002580000,0x0000000002680000)]

Other Threads:
  0x00000000085f8800 VMThread [stack: 0x000000000a2d0000,0x000000000a3d0000] [id=8396]
  0x000000000a5b3000 WatcherThread [stack: 0x000000000b820000,0x000000000b920000] [id=8196]

VM state:not at safepoint (normal execution)

VM Mutex/Monitor currently owned by a thread: None

Heap:
 PSYoungGen      total 37888K, used 31410K [0x00000000d6780000, 0x00000000d9180000, 0x0000000100000000)
  eden space 32768K, 80% used [0x00000000d6780000,0x00000000d812f150,0x00000000d8780000)
  from space 5120K, 99% used [0x00000000d8780000,0x00000000d8c7d970,0x00000000d8c80000)
  to   space 5120K, 0% used [0x00000000d8c80000,0x00000000d8c80000,0x00000000d9180000)
 ParOldGen       total 86016K, used 1360K [0x0000000083600000, 0x0000000088a00000, 0x00000000d6780000)
  object space 86016K, 1% used [0x0000000083600000,0x0000000083754130,0x0000000088a00000)
 Metaspace       used 8922K, capacity 8994K, committed 9088K, reserved 1060864K
  class space    used 1101K, capacity 1139K, committed 1152K, reserved 1048576K

Card table byte_map: [0x0000000002b40000,0x0000000002f30000] byte_map_base: 0x0000000002725000

Marking Bits: (ParMarkBitMap*) 0x0000000060f5a6d0
 Begin Bits: [0x00000000039d0000, 0x00000000058f8000)
 End Bits:   [0x00000000058f8000, 0x0000000007820000)

Polling page: 0x0000000000be0000

CodeCache: size=245760Kb used=3526Kb max_used=3526Kb free=242233Kb
 bounds [0x000000000f010000, 0x000000000f390000, 0x000000001e010000]
 total_blobs=1227 nmethods=887 adapters=252
 compilation: enabled

Compilation events (10 events):
Event: 0.888 Thread 0x000000000a514000 nmethod 885 0x000000000f382e50 code [0x000000000f382fc0, 0x000000000f383288]
Event: 0.888 Thread 0x000000000a514000  886       3       org.eclipse.emf.common.util.AbstractEList::basicIterator (9 bytes)
Event: 0.889 Thread 0x000000000a514000 nmethod 886 0x000000000f3833d0 code [0x000000000f383540, 0x000000000f383850]
Event: 0.889 Thread 0x000000000a514000  888       3       org.eclipse.emf.ecore.impl.EClassImpl::getESuperTypes (30 bytes)
Event: 0.889 Thread 0x000000000a514000 nmethod 888 0x000000000f383990 code [0x000000000f383b40, 0x000000000f384108]
Event: 0.889 Thread 0x000000000a514000  887       1       org.eclipse.emf.ecore.impl.EStructuralFeatureImpl::getExtendedMetaData (5 bytes)
Event: 0.889 Thread 0x000000000a514000 nmethod 887 0x000000000f384550 code [0x000000000f3846a0, 0x000000000f3847b0]
Event: 0.891 Thread 0x000000000a514000  889       3       java.util.Objects::requireNonNull (14 bytes)
Event: 0.891 Thread 0x000000000a514000 nmethod 889 0x000000000f384810 code [0x000000000f384980, 0x000000000f384ba8]
Event: 0.892 Thread 0x000000000a50a000  890       4       java.util.HashMap::putVal (300 bytes)

GC Heap History (2 events):
Event: 0.503 GC heap before
{Heap before GC invocations=1 (full 0):
 PSYoungGen      total 37888K, used 32768K [0x00000000d6780000, 0x00000000d9180000, 0x0000000100000000)
  eden space 32768K, 100% used [0x00000000d6780000,0x00000000d8780000,0x00000000d8780000)
  from space 5120K, 0% used [0x00000000d8c80000,0x00000000d8c80000,0x00000000d9180000)
  to   space 5120K, 0% used [0x00000000d8780000,0x00000000d8780000,0x00000000d8c80000)
 ParOldGen       total 86016K, used 0K [0x0000000083600000, 0x0000000088a00000, 0x00000000d6780000)
  object space 86016K, 0% used [0x0000000083600000,0x0000000083600000,0x0000000088a00000)
 Metaspace       used 5245K, capacity 5346K, committed 5504K, reserved 1056768K
  class space    used 596K, capacity 627K, committed 640K, reserved 1048576K
Event: 0.507 GC heap after
Heap after GC invocations=1 (full 0):
 PSYoungGen      total 37888K, used 5110K [0x00000000d6780000, 0x00000000d9180000, 0x0000000100000000)
  eden space 32768K, 0% used [0x00000000d6780000,0x00000000d6780000,0x00000000d8780000)
  from space 5120K, 99% used [0x00000000d8780000,0x00000000d8c7d970,0x00000000d8c80000)
  to   space 5120K, 0% used [0x00000000d8c80000,0x00000000d8c80000,0x00000000d9180000)
 ParOldGen       total 86016K, used 1360K [0x0000000083600000, 0x0000000088a00000, 0x00000000d6780000)
  object space 86016K, 1% used [0x0000000083600000,0x0000000083754130,0x0000000088a00000)
 Metaspace       used 5245K, capacity 5346K, committed 5504K, reserved 1056768K
  class space    used 596K, capacity 627K, committed 640K, reserved 1048576K
}

Deoptimization events (10 events):
Event: 0.372 Thread 0x0000000002684800 Uncommon trap: reason=class_check action=maybe_recompile pc=0x000000000f1d9cc4 method=java.util.HashMap.putVal(ILjava/lang/Object;Ljava/lang/Object;ZZ)Ljava/lang/Object; @ 91
Event: 0.416 Thread 0x0000000002684800 Uncommon trap: reason=unstable_if action=reinterpret pc=0x000000000f20a2ec method=java.util.HashMap.getNode(ILjava/lang/Object;)Ljava/util/HashMap$Node; @ 116
Event: 0.419 Thread 0x0000000002684800 Uncommon trap: reason=unstable_if action=reinterpret pc=0x000000000f212958 method=java.lang.AbstractStringBuilder.append(Ljava/lang/String;)Ljava/lang/AbstractStringBuilder; @ 1
Event: 0.508 Thread 0x0000000002684800 Uncommon trap: reason=unstable_if action=reinterpret pc=0x000000000f1f1cd8 method=java.lang.ref.SoftReference.get()Ljava/lang/Object; @ 17
Event: 0.510 Thread 0x0000000002684800 Uncommon trap: reason=unstable_if action=reinterpret pc=0x000000000f1ec170 method=java.lang.ref.SoftReference.get()Ljava/lang/Object; @ 17
Event: 0.622 Thread 0x0000000002684800 Uncommon trap: reason=unstable_if action=reinterpret pc=0x000000000f1fea48 method=java.lang.String.indexOf([CII[CIII)I @ 134
Event: 0.696 Thread 0x0000000002684800 Uncommon trap: reason=unstable_if action=reinterpret pc=0x000000000f220c7c method=java.util.HashMap.resize()[Ljava/util/HashMap$Node; @ 56
Event: 0.848 Thread 0x0000000002684800 Uncommon trap: reason=class_check action=maybe_recompile pc=0x000000000f22b53c method=java.util.HashMap.putVal(ILjava/lang/Object;Ljava/lang/Object;ZZ)Ljava/lang/Object; @ 253
Event: 0.888 Thread 0x0000000002684800 Uncommon trap: reason=class_check action=maybe_recompile pc=0x000000000f22b53c method=java.util.HashMap.putVal(ILjava/lang/Object;Ljava/lang/Object;ZZ)Ljava/lang/Object; @ 253
Event: 0.891 Thread 0x0000000002684800 Uncommon trap: reason=bimorphic action=maybe_recompile pc=0x000000000f26609c method=java.util.Hashtable.addEntry(ILjava/lang/Object;Ljava/lang/Object;I)V @ 38

Internal exceptions (10 events):
Event: 0.404 Thread 0x0000000002684800 Exception <a 'java/lang/ClassNotFoundException': java/lang/ObjectBeanInfo> (0x00000000d7b66b98) thrown at [C:\re\workspace\8-2-build-windows-amd64-cygwin\jdk8u101\7261\hotspot\src\share\vm\classfile\systemDictionary.cpp, line 210]
Event: 0.405 Thread 0x0000000002684800 Exception <a 'java/lang/ClassNotFoundException': java/lang/ObjectCustomizer> (0x00000000d7b6d900) thrown at [C:\re\workspace\8-2-build-windows-amd64-cygwin\jdk8u101\7261\hotspot\src\share\vm\classfile\systemDictionary.cpp, line 210]
Event: 0.408 Thread 0x0000000002684800 Exception <a 'java/lang/ArrayIndexOutOfBoundsException': 18> (0x00000000d7b70000) thrown at [C:\re\workspace\8-2-build-windows-amd64-cygwin\jdk8u101\7261\hotspot\src\share\vm\interpreter\interpreterRuntime.cpp, line 366]
Event: 0.409 Thread 0x0000000002684800 Exception <a 'java/lang/ArrayIndexOutOfBoundsException': 22> (0x00000000d7b73360) thrown at [C:\re\workspace\8-2-build-windows-amd64-cygwin\jdk8u101\7261\hotspot\src\share\vm\interpreter\interpreterRuntime.cpp, line 366]
Event: 0.410 Thread 0x0000000002684800 Exception <a 'java/lang/ArrayIndexOutOfBoundsException': 160> (0x00000000d7b75738) thrown at [C:\re\workspace\8-2-build-windows-amd64-cygwin\jdk8u101\7261\hotspot\src\share\vm\interpreter\interpreterRuntime.cpp, line 366]
Event: 0.413 Thread 0x0000000002684800 Exception <a 'java/lang/ClassNotFoundException': org/apache/log4j/LayoutCustomizer> (0x00000000d7b87188) thrown at [C:\re\workspace\8-2-build-windows-amd64-cygwin\jdk8u101\7261\hotspot\src\share\vm\classfile\systemDictionary.cpp, line 210]
Event: 0.416 Thread 0x0000000002684800 Exception <a 'java/lang/ClassNotFoundException': org/apache/log4j/PatternLayoutCustomizer> (0x00000000d7bac7a0) thrown at [C:\re\workspace\8-2-build-windows-amd64-cygwin\jdk8u101\7261\hotspot\src\share\vm\classfile\systemDictionary.cpp, line 210]
Event: 0.419 Thread 0x0000000002684800 Implicit null exception at 0x000000000f2125d9 to 0x000000000f212941
Event: 0.898 Thread 0x0000000002684800 Exception <a 'java/io/IOException': Read error> (0x00000000d80f8618) thrown at [C:\re\workspace\8-2-build-windows-amd64-cygwin\jdk8u101\7261\hotspot\src\share\vm\prims\jni.cpp, line 735]
Event: 0.898 Thread 0x0000000002684800 Exception <a 'java/security/PrivilegedActionException'> (0x00000000d80f8830) thrown at [C:\re\workspace\8-2-build-windows-amd64-cygwin\jdk8u101\7261\hotspot\src\share\vm\prims\jvm.cpp, line 1386]

Events (10 events):
Event: 0.897 loading class java/util/logging/LogManager$LoggerContext$1
Event: 0.897 loading class java/util/logging/LogManager$LoggerContext$1 done
Event: 0.898 loading class java/util/logging/LogManager$RootLogger
Event: 0.898 loading class java/util/logging/LogManager$RootLogger done
Event: 0.899 loading class java/util/logging/LogManager$5
Event: 0.899 loading class java/util/logging/LogManager$5 done
Event: 0.899 loading class com/google/inject/internal/Errors
Event: 0.899 loading class com/google/inject/internal/Errors done
Event: 0.901 loading class com/google/inject/ConfigurationException
Event: 0.901 loading class com/google/inject/ConfigurationException done


Dynamic libraries:
0x00007ff7bd2d0000 - 0x00007ff7bd307000 	C:\Program Files\Java\jre1.8.0_101\bin\javaw.exe
0x00007ffa0c460000 - 0x00007ffa0c621000 	C:\WINDOWS\SYSTEM32\ntdll.dll
0x00007ffa0bb80000 - 0x00007ffa0bc2d000 	C:\WINDOWS\system32\KERNEL32.DLL
0x00007ffa09670000 - 0x00007ffa09858000 	C:\WINDOWS\system32\KERNELBASE.dll
0x00007ffa0b260000 - 0x00007ffa0b307000 	C:\WINDOWS\system32\ADVAPI32.dll
0x00007ffa0c340000 - 0x00007ffa0c3dd000 	C:\WINDOWS\system32\msvcrt.dll
0x00007ffa0c2e0000 - 0x00007ffa0c33b000 	C:\WINDOWS\system32\sechost.dll
0x00007ffa0adc0000 - 0x00007ffa0aedc000 	C:\WINDOWS\system32\RPCRT4.dll
0x00007ffa0bc30000 - 0x00007ffa0bd86000 	C:\WINDOWS\system32\USER32.dll
0x00007ffa0aee0000 - 0x00007ffa0b066000 	C:\WINDOWS\system32\GDI32.dll
0x00007ffa043c0000 - 0x00007ffa04634000 	C:\WINDOWS\WinSxS\amd64_microsoft.windows.common-controls_6595b64144ccf1df_6.0.10586.494_none_a2d8b04ea53e3145\COMCTL32.dll
0x00007ffa0b570000 - 0x00007ffa0b7ed000 	C:\WINDOWS\system32\combase.dll
0x00007ffa08e40000 - 0x00007ffa08eaa000 	C:\WINDOWS\system32\bcryptPrimitives.dll
0x00007ffa0bd90000 - 0x00007ffa0bdcb000 	C:\WINDOWS\system32\IMM32.DLL
0x00007ffa08970000 - 0x00007ffa089a1000 	C:\WINDOWS\system32\nvinitx.dll
0x00007ffa08960000 - 0x00007ffa0896a000 	C:\WINDOWS\SYSTEM32\VERSION.dll
0x000000000f000000 - 0x000000000f006000 	C:\Program Files\NVIDIA Corporation\CoProcManager\_etoured.dll
0x00007ffa05a60000 - 0x00007ffa05a92000 	C:\Program Files\NVIDIA Corporation\CoProcManager\nvd3d9wrapx.dll
0x00007ffa0beb0000 - 0x00007ffa0c2d9000 	C:\WINDOWS\system32\SETUPAPI.dll
0x00007ffa08d40000 - 0x00007ffa08d83000 	C:\WINDOWS\system32\CFGMGR32.dll
0x00007ffa06730000 - 0x00007ffa06752000 	C:\Program Files\NVIDIA Corporation\CoProcManager\nvdxgiwrapx.dll
0x00000000604b0000 - 0x0000000060582000 	C:\Program Files\Java\jre1.8.0_101\bin\msvcr100.dll
0x0000000060740000 - 0x0000000060fda000 	C:\Program Files\Java\jre1.8.0_101\bin\server\jvm.dll
0x00007ffa0bea0000 - 0x00007ffa0bea8000 	C:\WINDOWS\system32\PSAPI.DLL
0x00007ffa066f0000 - 0x00007ffa066f9000 	C:\WINDOWS\SYSTEM32\WSOCK32.dll
0x00007ffa06cb0000 - 0x00007ffa06cd3000 	C:\WINDOWS\SYSTEM32\WINMM.dll
0x00007ffa0c3f0000 - 0x00007ffa0c45b000 	C:\WINDOWS\system32\WS2_32.dll
0x0000000000c10000 - 0x0000000000c3c000 	C:\WINDOWS\SYSTEM32\WINMMBASE.dll
0x0000000060650000 - 0x000000006065f000 	C:\Program Files\Java\jre1.8.0_101\bin\verify.dll
0x0000000060620000 - 0x0000000060649000 	C:\Program Files\Java\jre1.8.0_101\bin\java.dll
0x0000000060600000 - 0x0000000060616000 	C:\Program Files\Java\jre1.8.0_101\bin\zip.dll
0x00007ffa09860000 - 0x00007ffa0adbc000 	C:\WINDOWS\system32\SHELL32.dll
0x000000000aad0000 - 0x000000000b115000 	C:\WINDOWS\system32\windows.storage.dll
0x00007ffa0bb20000 - 0x00007ffa0bb72000 	C:\WINDOWS\system32\shlwapi.dll
0x00007ffa08a90000 - 0x00007ffa08a9f000 	C:\WINDOWS\system32\kernel.appcore.dll
0x00007ffa08eb0000 - 0x00007ffa08f65000 	C:\WINDOWS\system32\shcore.dll
0x00007ffa08aa0000 - 0x00007ffa08aeb000 	C:\WINDOWS\system32\powrprof.dll
0x00007ffa08af0000 - 0x00007ffa08b04000 	C:\WINDOWS\system32\profapi.dll

VM Arguments:
jvm_args: -Duser.language=es_AR -Dfile.encoding=Cp1252 
java_command: org.uqbar.project.wollok.launch.WollokLauncher -requestsPort 0 -eventsPort 0 src/program.wpgm
java_class_path (initial): C:\Users\Lucas\Documents\Wollok\workspace\polimofirsmo-lobo-feroz\bin;C:\Users\Lucas\Documents\Wollok\plugins\com.ibm.icu_54.1.1.v201501272100.jar;C:\Users\Lucas\Documents\Wollok\plugins\org.eclipse.xtext_2.9.0.v201512010527.jar;C:\Users\Lucas\Documents\Wollok\plugins\org.eclipse.emf.ecore.xmi_2.11.0.v20150512-0501.jar;C:\Users\Lucas\Documents\Wollok\plugins\org.eclipse.emf.ecore_2.11.0.v20150512-0501.jar;C:\Users\Lucas\Documents\Wollok\plugins\org.eclipse.emf.common_2.11.0.v20150512-0501.jar;C:\Users\Lucas\Documents\Wollok\plugins\org.antlr.runtime_3.2.0.v201101311130.jar;C:\Users\Lucas\Documents\Wollok\plugins\com.google.inject_3.0.0.v201312141243.jar;C:\Users\Lucas\Documents\Wollok\plugins\org.eclipse.emf.mwe.core_1.3.20.v201605261103.jar;C:\Users\Lucas\Documents\Wollok\plugins\org.apache.commons.cli_1.2.0.v201404270220.jar;C:\Users\Lucas\Documents\Wollok\plugins\org.eclipse.emf.mwe2.runtime_2.9.0.v201605261103.jar;C:\Users\Lucas\Documents\Wollok\plugins\org.eclipse.emf.mwe.utils_1.3.20.v201605261103.jar;C:\Users\Lucas\Documents\Wollok\plugins\org.eclipse.xtext.util_2.9.0.v201512010527.jar;C:\Users\Lucas\Documents\Wollok\plugins\com.google.guava_15.0.0.v201403281430.jar;C:\Users\Lucas\Documents\Wollok\plugins\javax.inject_1.0.0.v20091030.jar;C:\Users\Lucas\Documents\Wollok\plugins\org.eclipse.xtext.generator_2.9.0.v201512010527.jar;C:\Users\Lucas\Documents\Wollok\plugins\org.eclipse.xtext.xtext.generator_2.9.0.v201512010527.jar;C:\Users\Lucas\Documents\Wollok\plugins\org.eclipse.xtext.xbase.lib_2.9.0.v201512010527.jar;C:\Users\Lucas\Documents\Wollok\plugins\org.eclipse.emf.codegen.ecore_2.11.0.v20150601-0402.jar;C:\Users\Lucas\Documents\Wollok\plugins\org.eclipse.emf.codegen_2.11.0.v20150601-0402.jar;C:\Users\Lucas\Documents\Wollok\plugins\org.eclipse.xtend_2.1.0.v201505260349.jar;C:\Users\Lucas\Documents\Wollok\plugins\org.eclipse.xpand_2.1.0.v201505260349.jar;C:\Users\Lucas\Documents\Wollok\plugins\org.eclipse.xtend.typesystem.emf_2
Launcher Type: SUN_STANDARD

Environment Variables:
PATH=C:/Program Files/Java/jre1.8.0_101/bin/server;C:/Program Files/Java/jre1.8.0_101/bin;C:/Program Files/Java/jre1.8.0_101/lib/amd64;C:\ProgramData\Oracle\Java\javapath;C:\Program Files\Haskell\bin;C:\Program Files\Haskell Platform\8.0.1\lib\extralibs\bin;C:\Program Files\Haskell Platform\8.0.1\bin;C:\WINDOWS\system32;C:\WINDOWS;C:\WINDOWS\System32\Wbem;C:\WINDOWS\System32\WindowsPowerShell\v1.0\;C:\Program Files\Haskell Platform\8.0.1\mingw\bin;C:\Users\Lucas\AppData\Roaming\cabal\bin;C:\Users\Lucas\AppData\Roaming\local\bin;C:\Users\Lucas\Documents\Wollok;
USERNAME=Lucas
OS=Windows_NT
PROCESSOR_IDENTIFIER=Intel64 Family 6 Model 58 Stepping 9, GenuineIntel



---------------  S Y S T E M  ---------------

OS: Windows 10.0 , 64 bit Build 10586 (10.0.10586.0)

CPU:total 8 (4 cores per cpu, 2 threads per core) family 6 model 58 stepping 9, cmov, cx8, fxsr, mmx, sse, sse2, sse3, ssse3, sse4.1, sse4.2, popcnt, avx, aes, clmul, erms, ht, tsc, tscinvbit, tscinv

Memory: 4k page, physical 8164892k(2720736k free), swap 11901684k(5120k free)

vm_info: Java HotSpot(TM) 64-Bit Server VM (25.101-b13) for windows-amd64 JRE (1.8.0_101-b13), built on Jun 22 2016 01:21:29 by "java_re" with MS VC++ 10.0 (VS2010)

time: Fri Aug 12 17:10:16 2016
elapsed time: 0 seconds (0d 0h 0m 0s)

